<?xml version="1.0" encoding="UTF-8"?>
<testng-results skipped="0" failed="0" ignored="0" total="4" passed="4">
  <reporter-output>
  </reporter-output>
  <suite name="Default suite" duration-ms="7567" started-at="2018-06-26T14:21:52Z" finished-at="2018-06-26T14:22:00Z">
    <groups>
    </groups>
    <test name="Default test" duration-ms="7567" started-at="2018-06-26T14:21:52Z" finished-at="2018-06-26T14:22:00Z">
      <class name="edu.wbl.testngpriority.TestngPriority">
        <test-method status="PASS" signature="openBrowser()[pri:1, instance:edu.wbl.testngpriority.TestngPriority@1786dec2]" name="openBrowser" duration-ms="2833" started-at="2018-06-26T14:21:52Z" finished-at="2018-06-26T14:21:55Z">
          <reporter-output>
          </reporter-output>
        </test-method> <!-- openBrowser -->
        <test-method status="PASS" signature="launchGoogle()[pri:2, instance:edu.wbl.testngpriority.TestngPriority@1786dec2]" name="launchGoogle" duration-ms="1674" started-at="2018-06-26T14:21:55Z" finished-at="2018-06-26T14:21:57Z">
          <reporter-output>
          </reporter-output>
        </test-method> <!-- launchGoogle -->
        <test-method status="PASS" signature="performSearchAndClick1stLink()[pri:3, instance:edu.wbl.testngpriority.TestngPriority@1786dec2]" name="performSearchAndClick1stLink" duration-ms="46" started-at="2018-06-26T14:21:57Z" finished-at="2018-06-26T14:21:57Z">
          <reporter-output>
          </reporter-output>
        </test-method> <!-- performSearchAndClick1stLink -->
        <test-method status="PASS" signature="FaceBookPageTitleVerification()[pri:4, instance:edu.wbl.testngpriority.TestngPriority@1786dec2]" name="FaceBookPageTitleVerification" duration-ms="2989" started-at="2018-06-26T14:21:57Z" finished-at="2018-06-26T14:22:00Z">
          <reporter-output>
          </reporter-output>
        </test-method> <!-- FaceBookPageTitleVerification -->
      </class> <!-- edu.wbl.testngpriority.TestngPriority -->
    </test> <!-- Default test -->
  </suite> <!-- Default suite -->
</testng-results>
