<?xml version="1.0" encoding="UTF-8"?>
<!-- Generated by org.testng.reporters.JUnitXMLReporter -->
<testsuite hostname="Manita-PC" ignored="0" name="Default test" tests="4" failures="0" timestamp="26 Jun 2018 14:22:00 GMT" time="7.567" errors="0">
  <testcase name="openBrowser" time="2.833" classname="edu.wbl.testngpriority.TestngPriority"/>
  <testcase name="launchGoogle" time="1.674" classname="edu.wbl.testngpriority.TestngPriority"/>
  <testcase name="performSearchAndClick1stLink" time="0.046" classname="edu.wbl.testngpriority.TestngPriority"/>
  <testcase name="FaceBookPageTitleVerification" time="2.989" classname="edu.wbl.testngpriority.TestngPriority"/>
</testsuite> <!-- Default test -->
